<?xml version="1.0" encoding="UTF-8"?>
<!-- Generated by org.testng.reporters.JUnitReportReporter -->
<testsuite skipped="0" hostname="Sea" name="testNg" tests="7" failures="0" timestamp="2020-04-06T17:10:46 CST" time="0.007" errors="0">
  <testcase name="sout" time="0.001" classname="testNg"/>
  <system-out/>
  <testcase name="testcase2" time="0.003" classname="testNg"/>
  <system-out/>
  <testcase name="sout" time="0.000" classname="testNg"/>
  <system-out/>
  <testcase name="testcase3" time="0.001" classname="testNg"/>
  <system-out/>
  <testcase name="sout" time="0.001" classname="testNg"/>
  <system-out/>
  <testcase name="testcase4" time="0.000" classname="testNg"/>
  <system-out/>
  <testcase name="testcase1" time="0.001" classname="testNg"/>
  <system-out/>
</testsuite> <!-- testNg -->
